Determining if the pthread_create exist failed with the following output:
Change Dir: /home/jungsu/catkin_ws/src/turtlebot3_ar_tracker/turtlebot3_ar_tracker/cmake-build-debug/CMakeFiles/CMakeTmp

Run Build Command(s):/usr/bin/make cmTC_4d7c0/fast 
/usr/bin/make -f CMakeFiles/cmTC_4d7c0.dir/build.make CMakeFiles/cmTC_4d7c0.dir/build
make[1]: 디렉터리 '/home/jungsu/catkin_ws/src/turtlebot3_ar_tracker/turtlebot3_ar_tracker/cmake-build-debug/CMakeFiles/CMakeTmp' 들어감
Building C object CMakeFiles/cmTC_4d7c0.dir/CheckSymbolExists.c.o
/usr/bin/cc    -o CMakeFiles/cmTC_4d7c0.dir/CheckSymbolExists.c.o   -c /home/jungsu/catkin_ws/src/turtlebot3_ar_tracker/turtlebot3_ar_tracker/cmake-build-debug/CMakeFiles/CMakeTmp/CheckSymbolExists.c
Linking C executable cmTC_4d7c0
/home/jungsu/다운로드/clion-2019.2/bin/cmake/linux/bin/cmake -E cmake_link_script CMakeFiles/cmTC_4d7c0.dir/link.txt --verbose=1
/usr/bin/cc      -rdynamic CMakeFiles/cmTC_4d7c0.dir/CheckSymbolExists.c.o  -o cmTC_4d7c0 
CMakeFiles/cmTC_4d7c0.dir/CheckSymbolExists.c.o: In function `main':
CheckSymbolExists.c:(.text+0x16): undefined reference to `pthread_create'
collect2: error: ld returned 1 exit status
CMakeFiles/cmTC_4d7c0.dir/build.make:86: 'cmTC_4d7c0' 타겟에 대한 명령이 실패했습니다
make[1]: *** [cmTC_4d7c0] 오류 1
make[1]: 디렉터리 '/home/jungsu/catkin_ws/src/turtlebot3_ar_tracker/turtlebot3_ar_tracker/cmake-build-debug/CMakeFiles/CMakeTmp' 나감
Makefile:121: 'cmTC_4d7c0/fast' 타겟에 대한 명령이 실패했습니다
make: *** [cmTC_4d7c0/fast] 오류 2

File /home/jungsu/catkin_ws/src/turtlebot3_ar_tracker/turtlebot3_ar_tracker/cmake-build-debug/CMakeFiles/CMakeTmp/CheckSymbolExists.c:
/* */
#include <pthread.h>

int main(int argc, char** argv)
{
  (void)argv;
#ifndef pthread_create
  return ((int*)(&pthread_create))[argc];
#else
  (void)argc;
  return 0;
#endif
}

Determining if the function pthread_create exists in the pthreads failed with the following output:
Change Dir: /home/jungsu/catkin_ws/src/turtlebot3_ar_tracker/turtlebot3_ar_tracker/cmake-build-debug/CMakeFiles/CMakeTmp

Run Build Command(s):/usr/bin/make cmTC_5631c/fast 
/usr/bin/make -f CMakeFiles/cmTC_5631c.dir/build.make CMakeFiles/cmTC_5631c.dir/build
make[1]: 디렉터리 '/home/jungsu/catkin_ws/src/turtlebot3_ar_tracker/turtlebot3_ar_tracker/cmake-build-debug/CMakeFiles/CMakeTmp' 들어감
Building C object CMakeFiles/cmTC_5631c.dir/CheckFunctionExists.c.o
/usr/bin/cc   -DCHECK_FUNCTION_EXISTS=pthread_create   -o CMakeFiles/cmTC_5631c.dir/CheckFunctionExists.c.o   -c /home/jungsu/다운로드/clion-2019.2/bin/cmake/linux/share/cmake-3.14/Modules/CheckFunctionExists.c
Linking C executable cmTC_5631c
/home/jungsu/다운로드/clion-2019.2/bin/cmake/linux/bin/cmake -E cmake_link_script CMakeFiles/cmTC_5631c.dir/link.txt --verbose=1
/usr/bin/cc  -DCHECK_FUNCTION_EXISTS=pthread_create    -rdynamic CMakeFiles/cmTC_5631c.dir/CheckFunctionExists.c.o  -o cmTC_5631c -lpthreads 
/usr/bin/ld: cannot find -lpthreads
collect2: error: ld returned 1 exit status
CMakeFiles/cmTC_5631c.dir/build.make:86: 'cmTC_5631c' 타겟에 대한 명령이 실패했습니다
make[1]: *** [cmTC_5631c] 오류 1
make[1]: 디렉터리 '/home/jungsu/catkin_ws/src/turtlebot3_ar_tracker/turtlebot3_ar_tracker/cmake-build-debug/CMakeFiles/CMakeTmp' 나감
Makefile:121: 'cmTC_5631c/fast' 타겟에 대한 명령이 실패했습니다
make: *** [cmTC_5631c/fast] 오류 2


